<?xml version="1.0" encoding="UTF-8"?>
<!-- Generated by org.testng.reporters.JUnitXMLReporter -->
<testsuite ignored="0" hostname="LAPTOP-8ML52989" failures="0" tests="2" name="Default test" time="49.803" errors="0" timestamp="2022-07-16T18:07:21 IST">
  <testcase classname="rahulshettyacademy.ExtentReports.SeleniumTest" name="firstSeleniumTest" time="33.654"/>
  <testcase classname="rahulshettyacademy.ExtentReports.SeleniumTest" name="secondSeleniumTest" time="15.796"/>
</testsuite> <!-- Default test -->
