<?xml version="1.0" encoding="UTF-8"?>
<testng-results ignored="0" total="1" passed="1" failed="0" skipped="0">
  <reporter-output>
  </reporter-output>
  <suite started-at="2022-07-18T14:35:36 IST" name="Default suite" finished-at="2022-07-18T14:35:38 IST" duration-ms="1570">
    <groups>
    </groups>
    <test started-at="2022-07-18T14:35:36 IST" name="Default test" finished-at="2022-07-18T14:35:38 IST" duration-ms="1570">
      <class name="section23.ExcelDemo">
        <test-method signature="getDataFromExcel()[pri:0, instance:section23.ExcelDemo@71def8f8]" started-at="2022-07-18T14:35:36 IST" name="getDataFromExcel" finished-at="2022-07-18T14:35:38 IST" duration-ms="1548" status="PASS">
          <reporter-output>
          </reporter-output>
        </test-method> <!-- getDataFromExcel -->
      </class> <!-- section23.ExcelDemo -->
    </test> <!-- Default test -->
  </suite> <!-- Default suite -->
</testng-results>
