<?xml version="1.0" encoding="UTF-8"?>
<!-- Generated by org.testng.reporters.JUnitXMLReporter -->
<testsuite ignored="0" hostname="LAPTOP-8ML52989" failures="0" tests="4" name="Default test" time="100.403" errors="0" timestamp="2022-07-19T21:55:46 IST">
  <testcase classname="academy.HomePage" name="openHomePage" time="27.408"/>
  <testcase classname="academy.HomePage" name="openHomePage" time="13.075"/>
  <testcase classname="academy.HomePage" name="openHomePage" time="20.73"/>
  <testcase classname="academy.HomePage" name="validateTitle" time="39.157"/>
</testsuite> <!-- Default test -->
