<?xml version="1.0" encoding="UTF-8"?>
<!-- Generated by org.testng.reporters.JUnitXMLReporter -->
<testsuite ignored="0" hostname="LAPTOP-8ML52989" failures="0" tests="3" name="PersonalLoan" time="0.038" errors="0" timestamp="2022-07-14T09:50:10 IST">
  <testcase classname="section17.Lecture1" name="demoTest" time="0.006"/>
  <testcase classname="section17.Lecture1" name="secondTest" time="0.0"/>
  <testcase classname="section17.Lecture2" name="thirdTest" time="0.001"/>
</testsuite> <!-- PersonalLoan -->
