<?xml version="1.0" encoding="UTF-8"?>
<testng-results ignored="0" total="1" passed="1" failed="0" skipped="0">
  <reporter-output>
  </reporter-output>
  <suite started-at="2022-07-19T14:43:09 IST" name="Default suite" finished-at="2022-07-19T14:43:17 IST" duration-ms="8269">
    <groups>
    </groups>
    <test started-at="2022-07-19T14:43:09 IST" name="Default test" finished-at="2022-07-19T14:43:17 IST" duration-ms="8269">
      <class name="testcases.LoginPageFactory">
        <test-method signature="Login()[pri:0, instance:testcases.LoginPageFactory@4d465b11]" started-at="2022-07-19T14:43:09 IST" name="Login" finished-at="2022-07-19T14:43:17 IST" duration-ms="8245" status="PASS">
          <reporter-output>
          </reporter-output>
        </test-method> <!-- Login -->
      </class> <!-- testcases.LoginPageFactory -->
    </test> <!-- Default test -->
  </suite> <!-- Default suite -->
</testng-results>
