<?xml version="1.0" encoding="UTF-8"?>
<testng-results ignored="0" total="1" passed="1" failed="0" skipped="0">
  <reporter-output>
  </reporter-output>
  <suite started-at="2022-07-14T14:01:52 IST" name="Default suite" finished-at="2022-07-14T14:01:52 IST" duration-ms="43">
    <groups>
    </groups>
    <test started-at="2022-07-14T14:01:52 IST" name="Default test" finished-at="2022-07-14T14:01:52 IST" duration-ms="43">
      <class name="section17.Globalvariable">
        <test-method signature="getGlobalVariablevalues()[pri:0, instance:section17.Globalvariable@61d6015a]" started-at="2022-07-14T14:01:52 IST" name="getGlobalVariablevalues" finished-at="2022-07-14T14:01:52 IST" duration-ms="21" status="PASS">
          <reporter-output>
          </reporter-output>
        </test-method> <!-- getGlobalVariablevalues -->
      </class> <!-- section17.Globalvariable -->
    </test> <!-- Default test -->
  </suite> <!-- Default suite -->
</testng-results>
