<?xml version="1.0" encoding="UTF-8"?>
<!-- Generated by org.testng.reporters.JUnitXMLReporter -->
<testsuite hostname="LAPTOP-8ML52989" failures="1" tests="6" name="Test" time="99.993" errors="0" timestamp="20 Jul 2022 14:20:32 GMT">
  <testcase classname="academy.HomePage" name="openHomePage" time="0.799"/>
  <testcase classname="academy.PageLogo" name="validatePageLogo" time="0.17"/>
  <testcase classname="academy.HomePage" name="openHomePage" time="0.735"/>
  <testcase classname="academy.HomePage" name="openHomePage" time="0.886"/>
  <testcase classname="academy.HomePage" name="validatePageLogo" time="0.147"/>
  <testcase classname="academy.HomePage" name="validatePageLogoFailed" time="0.181">
    <failure type="java.lang.AssertionError" message="expected [false] but found [true]">
      <![CDATA[java.lang.AssertionError: expected [false] but found [true]
	at academy.HomePage.validatePageLogoFailed(HomePage.java:80)
	at java.base/java.util.concurrent.ThreadPoolExecutor.runWorker(ThreadPoolExecutor.java:1167)
	at java.base/java.util.concurrent.ThreadPoolExecutor$Worker.run(ThreadPoolExecutor.java:641)
	at java.base/java.lang.Thread.run(Thread.java:844)
... Removed 14 stack frames]]>
    </failure>
  </testcase> <!-- validatePageLogoFailed -->
</testsuite> <!-- Test -->
