<?xml version="1.0" encoding="UTF-8"?>
<!-- Generated by org.testng.reporters.JUnitXMLReporter -->
<testsuite ignored="0" hostname="LAPTOP-8ML52989" failures="0" tests="4" name="Car Loan" time="0.009" errors="0" timestamp="2022-07-14T11:31:56 IST">
  <testcase classname="section17.CarLoanLogin" name="apiLoginCarLoan" time="0.001"/>
  <testcase classname="section17.CarLoanLogin" name="mobileAppLoginCarLoan" time="0.0"/>
  <testcase classname="section17.CarLoanLogin" name="mobileLoginCarLoan" time="0.0"/>
  <testcase classname="section17.CarLoanLogin" name="webLoginCarLoan" time="0.001"/>
</testsuite> <!-- Car Loan -->
