<?xml version="1.0" encoding="UTF-8"?>
<!-- Generated by org.testng.reporters.JUnitXMLReporter -->
<testsuite ignored="6" hostname="LAPTOP-8ML52989" failures="0" tests="5" name="Personal Loan" time="0.039" errors="0" timestamp="2022-07-14T13:34:45 IST">
  <testcase classname="section17.Lecture1" name="secondTest" time="0.005"/>
  <testcase classname="section17.Lecture2" name="thirdTest" time="0.001"/>
  <testcase classname="section17.HomeLoanLogin" name="apiLoginHomeLoan" time="0.001"/>
  <testcase classname="section17.HomeLoanLogin" name="mobileAppLoginHomeLoan" time="0.0"/>
  <testcase classname="section17.CarLoanLogin" name="apiLoginCarLoan" time="0.002"/>
  <testcase classname="section17.CarLoanLogin" name="mobileLoginCarLoan" time="0.0">
    <ignored/>
  </testcase> <!-- mobileLoginCarLoan -->
  <testcase classname="section17.HomeLoanLogin" name="webLoginHomeLoan" time="0.0">
    <ignored/>
  </testcase> <!-- webLoginHomeLoan -->
  <testcase classname="section17.CarLoanLogin" name="mobileAppLoginCarLoan" time="0.0">
    <ignored/>
  </testcase> <!-- mobileAppLoginCarLoan -->
  <testcase classname="section17.CarLoanLogin" name="webLoginCarLoan" time="0.0">
    <ignored/>
  </testcase> <!-- webLoginCarLoan -->
  <testcase classname="section17.Lecture1" name="demoTest" time="0.0">
    <ignored/>
  </testcase> <!-- demoTest -->
  <testcase classname="section17.HomeLoanLogin" name="mobileLoginHomeLoan" time="0.0">
    <ignored/>
  </testcase> <!-- mobileLoginHomeLoan -->
</testsuite> <!-- Personal Loan -->
