<?xml version="1.0" encoding="UTF-8"?>
<!-- Generated by org.testng.reporters.JUnitXMLReporter -->
<testsuite hostname="LAPTOP-8ML52989" failures="0" tests="6" name="Test" time="0.014" errors="0" timestamp="15 Jul 2022 02:52:30 GMT">
  <testcase classname="Section19.MavenLearning.SeleniumTest" name="BrowseName" time="0.004"/>
  <testcase classname="Section19.MavenLearning.SeleniumTest" name="apiAutomationToolName" time="0.0"/>
  <testcase classname="Section19.MavenLearning.AppiumTest" name="getDivison" time="0.001"/>
  <testcase classname="Section19.MavenLearning.AppiumTest" name="getSubtraction" time="0.0"/>
  <testcase classname="Section19.MavenLearning.RestAPITest" name="getData" time="0.001"/>
  <testcase classname="Section19.MavenLearning.RestAPITest" name="getMultiply" time="0.0"/>
</testsuite> <!-- Test -->
